app/build/outputs/logs/manifest-merger-debug-report.txt
-- Merging decision tree log ---
manifest
ADDED from src/main/AndroidManifest.xml:2:1-42:12
	package
		ADDED from src/main/AndroidManifest.xml:3:7-31
		INJECTED from src/main/AndroidManifest.xml
		INJECTED from src/main/AndroidManifest.xml
	android:versionName
		ADDED from src/main/AndroidManifest.xml:3:56-81
		INJECTED from src/main/AndroidManifest.xml
		INJECTED from src/main/AndroidManifest.xml
	android:versionCode
		ADDED from src/main/AndroidManifest.xml:3:32-55
		INJECTED from src/main/AndroidManifest.xml
		INJECTED from src/main/AndroidManifest.xml
	xmlns:android
		ADDED from src/main/AndroidManifest.xml:2:11-69
application
ADDED from src/main/AndroidManifest.xml:4:5-38:19
MERGED from [com.github.capitancambio:tecla-sdk:cf0dae33f1] AndroidManifest.xml:11:5-12:19
MERGED from [com.android.support:support-v4:23.3.0] AndroidManifest.xml:22:5-20
	android:label
		ADDED from src/main/AndroidManifest.xml:4:48-80
	android:icon
		ADDED from src/main/AndroidManifest.xml:4:18-47
service#dasher.android.DasherInputMethod
ADDED from src/main/AndroidManifest.xml:7:9-14:19
	android:label
		ADDED from src/main/AndroidManifest.xml:8:13-45
	android:permission
		ADDED from src/main/AndroidManifest.xml:9:13-70
	android:name
		ADDED from src/main/AndroidManifest.xml:7:18-50
intent-filter#android.view.InputMethod
ADDED from src/main/AndroidManifest.xml:10:13-12:29
action#android.view.InputMethod
ADDED from src/main/AndroidManifest.xml:11:17-67
	android:name
		ADDED from src/main/AndroidManifest.xml:11:25-64
meta-data#android.view.im
ADDED from src/main/AndroidManifest.xml:13:13-88
	android:resource
		ADDED from src/main/AndroidManifest.xml:13:55-85
	android:name
		ADDED from src/main/AndroidManifest.xml:13:24-54
activity#dasher.android.SettingsActivity
ADDED from src/main/AndroidManifest.xml:21:9-25:20
	android:name
		ADDED from src/main/AndroidManifest.xml:21:19-51
intent-filter#android.intent.action.MAIN
ADDED from src/main/AndroidManifest.xml:22:10-24:29
action#android.intent.action.MAIN
ADDED from src/main/AndroidManifest.xml:23:17-69
	android:name
		ADDED from src/main/AndroidManifest.xml:23:25-66
activity#dasher.android.DasherActivity
ADDED from src/main/AndroidManifest.xml:30:9-36:20
	android:label
		ADDED from src/main/AndroidManifest.xml:31:19-56
	android:name
		ADDED from src/main/AndroidManifest.xml:30:19-49
intent-filter#android.intent.action.MAIN+android.intent.category.LAUNCHER
ADDED from src/main/AndroidManifest.xml:32:13-35:29
category#android.intent.category.LAUNCHER
ADDED from src/main/AndroidManifest.xml:34:17-77
	android:name
		ADDED from src/main/AndroidManifest.xml:34:27-74
uses-sdk
ADDED from src/main/AndroidManifest.xml:39:5-43
MERGED from [com.github.capitancambio:tecla-sdk:cf0dae33f1] AndroidManifest.xml:7:5-9:41
MERGED from [com.android.support:support-v4:23.3.0] AndroidManifest.xml:20:5-43
	android:targetSdkVersion
		INJECTED from src/main/AndroidManifest.xml
		INJECTED from src/main/AndroidManifest.xml
	android:minSdkVersion
		ADDED from src/main/AndroidManifest.xml:39:15-40
		INJECTED from src/main/AndroidManifest.xml
		INJECTED from src/main/AndroidManifest.xml
uses-permission#android.permission.WRITE_EXTERNAL_STORAGE
ADDED from src/main/AndroidManifest.xml:40:2-77
	android:name
		ADDED from src/main/AndroidManifest.xml:40:19-75
uses-permission#android.permission.WAKE_LOCK
ADDED from src/main/AndroidManifest.xml:41:2-64
	android:name
		ADDED from src/main/AndroidManifest.xml:41:19-62